{"C:\\Users\\mathe\\OneDrive\\Documentos\\Curso React.js e Next.js\\my-react-learn\\src\\components\\Card\\index.jsx": {"path":"C:\\Users\\mathe\\OneDrive\\Documentos\\Curso React.js e Next.js\\my-react-learn\\src\\components\\Card\\index.jsx","statementMap":{"0":{"start":{"line":5,"column":59},"end":{"line":5,"column":63}},"1":{"start":{"line":7,"column":26},"end":{"line":9,"column":3}},"2":{"start":{"line":8,"column":4},"end":{"line":8,"column":21}},"3":{"start":{"line":11,"column":2},"end":{"line":30,"column":3}}},"fnMap":{"0":{"name":"Card","decl":{"start":{"line":4,"column":24},"end":{"line":4,"column":28}},"loc":{"start":{"line":4,"column":52},"end":{"line":31,"column":1}},"line":4},"1":{"name":"(anonymous_1)","decl":{"start":{"line":7,"column":26},"end":{"line":7,"column":27}},"loc":{"start":{"line":7,"column":32},"end":{"line":9,"column":3}},"line":7}},"branchMap":{},"s":{"0":3,"1":3,"2":1,"3":3},"f":{"0":3,"1":1},"b":{},"_coverageSchema":"1a1c01bbd47fc00a2c39e90264f33305004495a9","hash":"2bd4ad871d302465b5046fe672213f9d5c52f9e9"}
,"C:\\Users\\mathe\\OneDrive\\Documentos\\Curso React.js e Next.js\\my-react-learn\\src\\components\\Card\\mock.js": {"path":"C:\\Users\\mathe\\OneDrive\\Documentos\\Curso React.js e Next.js\\my-react-learn\\src\\components\\Card\\mock.js","statementMap":{"0":{"start":{"line":1,"column":24},"end":{"line":11,"column":1}}},"fnMap":{},"branchMap":{},"s":{"0":1},"f":{},"b":{},"_coverageSchema":"1a1c01bbd47fc00a2c39e90264f33305004495a9","hash":"4d5101169a20e21cc2b87c9b9c0ddf92a9bf5dca"}
,"C:\\Users\\mathe\\OneDrive\\Documentos\\Curso React.js e Next.js\\my-react-learn\\src\\components\\Header\\index.jsx": {"path":"C:\\Users\\mathe\\OneDrive\\Documentos\\Curso React.js e Next.js\\my-react-learn\\src\\components\\Header\\index.jsx","statementMap":{"0":{"start":{"line":5,"column":2},"end":{"line":11,"column":3}}},"fnMap":{"0":{"name":"Header","decl":{"start":{"line":4,"column":24},"end":{"line":4,"column":30}},"loc":{"start":{"line":4,"column":33},"end":{"line":12,"column":1}},"line":4}},"branchMap":{},"s":{"0":2},"f":{"0":2},"b":{},"_coverageSchema":"1a1c01bbd47fc00a2c39e90264f33305004495a9","hash":"5bcb700445f659009982dbeeaacb7bfd59918fc4"}
,"C:\\Users\\mathe\\OneDrive\\Documentos\\Curso React.js e Next.js\\my-react-learn\\src\\components\\LoadMoreButton\\index.jsx": {"path":"C:\\Users\\mathe\\OneDrive\\Documentos\\Curso React.js e Next.js\\my-react-learn\\src\\components\\LoadMoreButton\\index.jsx","statementMap":{"0":{"start":{"line":5,"column":2},"end":{"line":5,"column":76}}},"fnMap":{"0":{"name":"LoadMoreButton","decl":{"start":{"line":4,"column":24},"end":{"line":4,"column":38}},"loc":{"start":{"line":4,"column":60},"end":{"line":6,"column":1}},"line":4}},"branchMap":{},"s":{"0":3},"f":{"0":3},"b":{},"_coverageSchema":"1a1c01bbd47fc00a2c39e90264f33305004495a9","hash":"18ee32c692b2ed9de2a797967d76ad77988cd8b9"}
}
