TN:
SF:src\components\Card\index.jsx
FN:4,Card
FN:7,(anonymous_1)
FNF:2
FNH:2
FNDA:3,Card
FNDA:1,(anonymous_1)
DA:5,3
DA:7,3
DA:8,1
DA:11,3
LF:4
LH:4
BRF:0
BRH:0
end_of_record
TN:
SF:src\components\Card\mock.js
FNF:0
FNH:0
DA:1,1
LF:1
LH:1
BRF:0
BRH:0
end_of_record
TN:
SF:src\components\Header\index.jsx
FN:4,Header
FNF:1
FNH:1
FNDA:2,Header
DA:5,2
LF:1
LH:1
BRF:0
BRH:0
end_of_record
TN:
SF:src\components\LoadMoreButton\index.jsx
FN:4,LoadMoreButton
FNF:1
FNH:1
FNDA:3,LoadMoreButton
DA:5,3
LF:1
LH:1
BRF:0
BRH:0
end_of_record
